{"message": "add: 20 + 0 = 20"}
{"message": "subtract: 20 + 0 = 20"}
{"message": "multiply: 20 + 0 = 0"}
{"message": "Tried to divide by zero", "exc_info": "Traceback (most recent call last):\n  File \"/Users/itnoc9_august/Desktop/python-loggers/log_sample.py\", line 39, in divide\n    result = a/b\n             ~^~\nZeroDivisionError: division by zero"}
{"message": "divide: 20 + 0 = None"}
{"message": "add: 20 + 0 = 20"}
{"message": "subtract: 20 + 0 = 20"}
{"message": "multiply: 20 + 0 = 0"}
{"message": "Tried to divide by zero", "exc_info": "Traceback (most recent call last):\n  File \"/Users/itnoc9_august/Desktop/python-loggers/log_sample.py\", line 39, in divide\n    result = a/b\n             ~^~\nZeroDivisionError: division by zero"}
{"message": "divide: 20 + 0 = None"}
{"message": "add: 20 + 0 = 20"}
{"message": "subtract: 20 + 0 = 20"}
{"message": "multiply: 20 + 0 = 0"}
{"message": "Tried to divide by zero", "exc_info": "Traceback (most recent call last):\n  File \"/Users/itnoc9_august/Desktop/python-loggers/log_sample.py\", line 39, in divide\n    result = a/b\n             ~^~\nZeroDivisionError: division by zero"}
{"message": "divide: 20 + 0 = None"}
{"message": "add: 20 + 0 = 20"}
{"message": "subtract: 20 + 0 = 20"}
{"message": "multiply: 20 + 0 = 0"}
{"message": "Tried to divide by zero", "exc_info": "Traceback (most recent call last):\n  File \"/Users/itnoc9_august/Desktop/python-loggers/log_sample.py\", line 39, in divide\n    result = a/b\n             ~^~\nZeroDivisionError: division by zero"}
{"message": "divide: 20 + 0 = None"}
{"message": "add: 20 + 0 = 20"}
{"message": "subtract: 20 + 0 = 20"}
{"message": "multiply: 20 + 0 = 0"}
{"message": "Tried to divide by zero", "exc_info": "Traceback (most recent call last):\n  File \"/Users/itnoc9_august/Desktop/python-loggers/log_sample.py\", line 39, in divide\n    result = a/b\n             ~^~\nZeroDivisionError: division by zero"}
{"message": "divide: 20 + 0 = None"}
